Build started 2016-01-18 오후 3:53:51.
     1>Project "C:\YMKang_Work\development\Proj15NIPA_Radar\radar_DataGen\rader_sample\rader_sample.vcxproj" on node 2 (Build target(s)).
     1>ClCompile:
         C:\Program Files (x86)\Microsoft Visual Studio 12.0\VC\bin\CL.exe /c /ZI /nologo /W3 /WX- /sdl /Od /Oy- /D WIN32 /D _DEBUG /D _CONSOLE /D _LIB /D _UNICODE /D UNICODE /Gm /EHsc /RTC1 /MDd /GS /fp:precise /Zc:wchar_t /Zc:forScope /Fo"Debug\\" /Fd"Debug\vc120.pdb" /Gd /TP /analyze- /errorReport:prompt main.cpp rader.cpp
         main.cpp
         Generating Code...
         Compiling...
         rader.cpp
     1>c:\ymkang_work\development\proj15nipa_radar\radar_datagen\rader_sample\rader.cpp(26): warning C4244: 'initializing' : conversion from 'double' to 'float', possible loss of data
     1>c:\ymkang_work\development\proj15nipa_radar\radar_datagen\rader_sample\rader.cpp(27): warning C4244: 'initializing' : conversion from 'double' to 'float', possible loss of data
     1>c:\ymkang_work\development\proj15nipa_radar\radar_datagen\rader_sample\rader.cpp(30): warning C4244: '=' : conversion from 'double' to 'float', possible loss of data
     1>c:\ymkang_work\development\proj15nipa_radar\radar_datagen\rader_sample\rader.cpp(31): warning C4244: '=' : conversion from 'double' to 'float', possible loss of data
     1>c:\ymkang_work\development\proj15nipa_radar\radar_datagen\rader_sample\rader.cpp(32): warning C4244: '=' : conversion from 'double' to 'float', possible loss of data
     1>c:\ymkang_work\development\proj15nipa_radar\radar_datagen\rader_sample\rader.cpp(75): warning C4244: 'initializing' : conversion from 'double' to 'float', possible loss of data
     1>c:\ymkang_work\development\proj15nipa_radar\radar_datagen\rader_sample\rader.cpp(77): warning C4244: '=' : conversion from 'float' to 'unsigned char', possible loss of data
     1>c:\ymkang_work\development\proj15nipa_radar\radar_datagen\rader_sample\rader.cpp(82): warning C4244: '*=' : conversion from 'double' to 'float', possible loss of data
     1>c:\ymkang_work\development\proj15nipa_radar\radar_datagen\rader_sample\rader.cpp(83): warning C4244: '*=' : conversion from 'double' to 'float', possible loss of data
     1>c:\ymkang_work\development\proj15nipa_radar\radar_datagen\rader_sample\rader.cpp(95): warning C4305: 'initializing' : truncation from 'double' to 'float'
     1>c:\ymkang_work\development\proj15nipa_radar\radar_datagen\rader_sample\rader.cpp(107): warning C4244: '=' : conversion from 'double' to 'float', possible loss of data
     1>c:\ymkang_work\development\proj15nipa_radar\radar_datagen\rader_sample\rader.cpp(113): warning C4244: 'initializing' : conversion from 'double' to 'float', possible loss of data
     1>c:\ymkang_work\development\proj15nipa_radar\radar_datagen\rader_sample\rader.cpp(114): warning C4244: 'initializing' : conversion from 'float' to 'int', possible loss of data
     1>c:\ymkang_work\development\proj15nipa_radar\radar_datagen\rader_sample\rader.cpp(119): warning C4244: 'initializing' : conversion from 'double' to 'float', possible loss of data
     1>c:\ymkang_work\development\proj15nipa_radar\radar_datagen\rader_sample\rader.cpp(126): warning C4244: 'initializing' : conversion from 'float' to 'unsigned char', possible loss of data
     1>c:\ymkang_work\development\proj15nipa_radar\radar_datagen\rader_sample\rader.cpp(106): warning C4101: 'j' : unreferenced local variable
         Generating Code...
       Link:
         C:\Program Files (x86)\Microsoft Visual Studio 12.0\VC\bin\link.exe /ERRORREPORT:PROMPT /OUT:"C:\YMKang_Work\development\Proj15NIPA_Radar\radar_DataGen\Debug\rader_sample.exe" /INCREMENTAL /NOLOGO kernel32.lib user32.lib gdi32.lib winspool.lib comdlg32.lib advapi32.lib shell32.lib ole32.lib oleaut32.lib uuid.lib odbc32.lib odbccp32.lib /MANIFEST /MANIFESTUAC:"level='asInvoker' uiAccess='false'" /manifest:embed /DEBUG /PDB:"C:\YMKang_Work\development\Proj15NIPA_Radar\radar_DataGen\Debug\rader_sample.pdb" /SUBSYSTEM:CONSOLE /TLBID:1 /DYNAMICBASE /NXCOMPAT /IMPLIB:"C:\YMKang_Work\development\Proj15NIPA_Radar\radar_DataGen\Debug\rader_sample.lib" /MACHINE:X86 Debug\main.obj
         Debug\rader.obj
         rader_sample.vcxproj -> C:\YMKang_Work\development\Proj15NIPA_Radar\radar_DataGen\Debug\rader_sample.exe
     1>Done Building Project "C:\YMKang_Work\development\Proj15NIPA_Radar\radar_DataGen\rader_sample\rader_sample.vcxproj" (Build target(s)).

Build succeeded.

Time Elapsed 00:00:01.48
